{"/Users/pavel/Documents/fso/Part5/bloglist-frontend/src/App.jsx": {"path":"/Users/pavel/Documents/fso/Part5/bloglist-frontend/src/App.jsx","statementMap":{"0":{"start":{"line":11,"column":12},"end":{"line":144,"column":1}},"1":{"start":{"line":12,"column":28},"end":{"line":12,"column":40}},"2":{"start":{"line":13,"column":34},"end":{"line":13,"column":46}},"3":{"start":{"line":14,"column":34},"end":{"line":14,"column":46}},"4":{"start":{"line":15,"column":26},"end":{"line":15,"column":40}},"5":{"start":{"line":16,"column":32},"end":{"line":16,"column":46}},"6":{"start":{"line":17,"column":22},"end":{"line":17,"column":30}},"7":{"start":{"line":19,"column":19},"end":{"line":22,"column":3}},"8":{"start":{"line":20,"column":18},"end":{"line":20,"column":44}},"9":{"start":{"line":21,"column":4},"end":{"line":21,"column":21}},"10":{"start":{"line":24,"column":22},"end":{"line":29,"column":3}},"11":{"start":{"line":25,"column":4},"end":{"line":25,"column":28}},"12":{"start":{"line":26,"column":4},"end":{"line":28,"column":12}},"13":{"start":{"line":27,"column":6},"end":{"line":27,"column":22}},"14":{"start":{"line":31,"column":20},"end":{"line":36,"column":3}},"15":{"start":{"line":32,"column":4},"end":{"line":32,"column":28}},"16":{"start":{"line":33,"column":4},"end":{"line":35,"column":12}},"17":{"start":{"line":34,"column":6},"end":{"line":34,"column":22}},"18":{"start":{"line":38,"column":2},"end":{"line":53,"column":7}},"19":{"start":{"line":39,"column":4},"end":{"line":39,"column":14}},"20":{"start":{"line":40,"column":27},"end":{"line":40,"column":68}},"21":{"start":{"line":41,"column":27},"end":{"line":41,"column":72}},"22":{"start":{"line":42,"column":4},"end":{"line":52,"column":5}},"23":{"start":{"line":43,"column":21},"end":{"line":43,"column":47}},"24":{"start":{"line":44,"column":6},"end":{"line":51,"column":7}},"25":{"start":{"line":45,"column":21},"end":{"line":45,"column":47}},"26":{"start":{"line":46,"column":8},"end":{"line":46,"column":21}},"27":{"start":{"line":47,"column":8},"end":{"line":47,"column":40}},"28":{"start":{"line":49,"column":8},"end":{"line":49,"column":56}},"29":{"start":{"line":50,"column":8},"end":{"line":50,"column":52}},"30":{"start":{"line":55,"column":18},"end":{"line":60,"column":3}},"31":{"start":{"line":56,"column":22},"end":{"line":56,"column":55}},"32":{"start":{"line":57,"column":4},"end":{"line":57,"column":42}},"33":{"start":{"line":58,"column":4},"end":{"line":58,"column":14}},"34":{"start":{"line":59,"column":4},"end":{"line":59,"column":43}},"35":{"start":{"line":62,"column":21},"end":{"line":65,"column":3}},"36":{"start":{"line":63,"column":4},"end":{"line":63,"column":52}},"37":{"start":{"line":64,"column":4},"end":{"line":64,"column":63}},"38":{"start":{"line":64,"column":28},"end":{"line":64,"column":61}},"39":{"start":{"line":67,"column":21},"end":{"line":71,"column":3}},"40":{"start":{"line":68,"column":4},"end":{"line":68,"column":38}},"41":{"start":{"line":69,"column":4},"end":{"line":69,"column":49}},"42":{"start":{"line":69,"column":31},"end":{"line":69,"column":47}},"43":{"start":{"line":70,"column":4},"end":{"line":70,"column":45}},"44":{"start":{"line":73,"column":23},"end":{"line":77,"column":3}},"45":{"start":{"line":74,"column":4},"end":{"line":74,"column":48}},"46":{"start":{"line":75,"column":4},"end":{"line":75,"column":27}},"47":{"start":{"line":76,"column":4},"end":{"line":76,"column":17}},"48":{"start":{"line":79,"column":22},"end":{"line":95,"column":3}},"49":{"start":{"line":80,"column":4},"end":{"line":80,"column":26}},"50":{"start":{"line":81,"column":4},"end":{"line":94,"column":5}},"51":{"start":{"line":82,"column":19},"end":{"line":84,"column":8}},"52":{"start":{"line":85,"column":6},"end":{"line":85,"column":69}},"53":{"start":{"line":86,"column":6},"end":{"line":86,"column":104}},"54":{"start":{"line":88,"column":6},"end":{"line":88,"column":38}},"55":{"start":{"line":89,"column":6},"end":{"line":89,"column":19}},"56":{"start":{"line":90,"column":6},"end":{"line":90,"column":21}},"57":{"start":{"line":91,"column":6},"end":{"line":91,"column":21}},"58":{"start":{"line":93,"column":6},"end":{"line":93,"column":36}},"59":{"start":{"line":97,"column":19},"end":{"line":101,"column":3}},"60":{"start":{"line":98,"column":4},"end":{"line":100,"column":16}},"61":{"start":{"line":103,"column":2},"end":{"line":143,"column":3}},"62":{"start":{"line":126,"column":29},"end":{"line":126,"column":46}},"63":{"start":{"line":128,"column":16},"end":{"line":135,"column":22}}},"fnMap":{"0":{"name":"(anonymous_0)","decl":{"start":{"line":11,"column":12},"end":{"line":11,"column":13}},"loc":{"start":{"line":11,"column":18},"end":{"line":144,"column":1}},"line":11},"1":{"name":"(anonymous_1)","decl":{"start":{"line":19,"column":19},"end":{"line":19,"column":20}},"loc":{"start":{"line":19,"column":31},"end":{"line":22,"column":3}},"line":19},"2":{"name":"(anonymous_2)","decl":{"start":{"line":24,"column":22},"end":{"line":24,"column":23}},"loc":{"start":{"line":24,"column":33},"end":{"line":29,"column":3}},"line":24},"3":{"name":"(anonymous_3)","decl":{"start":{"line":26,"column":15},"end":{"line":26,"column":16}},"loc":{"start":{"line":26,"column":21},"end":{"line":28,"column":5}},"line":26},"4":{"name":"(anonymous_4)","decl":{"start":{"line":31,"column":20},"end":{"line":31,"column":21}},"loc":{"start":{"line":31,"column":31},"end":{"line":36,"column":3}},"line":31},"5":{"name":"(anonymous_5)","decl":{"start":{"line":33,"column":15},"end":{"line":33,"column":16}},"loc":{"start":{"line":33,"column":21},"end":{"line":35,"column":5}},"line":33},"6":{"name":"(anonymous_6)","decl":{"start":{"line":38,"column":12},"end":{"line":38,"column":13}},"loc":{"start":{"line":38,"column":18},"end":{"line":53,"column":3}},"line":38},"7":{"name":"(anonymous_7)","decl":{"start":{"line":55,"column":18},"end":{"line":55,"column":19}},"loc":{"start":{"line":55,"column":37},"end":{"line":60,"column":3}},"line":55},"8":{"name":"(anonymous_8)","decl":{"start":{"line":62,"column":21},"end":{"line":62,"column":22}},"loc":{"start":{"line":62,"column":53},"end":{"line":65,"column":3}},"line":62},"9":{"name":"(anonymous_9)","decl":{"start":{"line":64,"column":23},"end":{"line":64,"column":24}},"loc":{"start":{"line":64,"column":28},"end":{"line":64,"column":61}},"line":64},"10":{"name":"(anonymous_10)","decl":{"start":{"line":67,"column":21},"end":{"line":67,"column":22}},"loc":{"start":{"line":67,"column":37},"end":{"line":71,"column":3}},"line":67},"11":{"name":"(anonymous_11)","decl":{"start":{"line":69,"column":26},"end":{"line":69,"column":27}},"loc":{"start":{"line":69,"column":31},"end":{"line":69,"column":47}},"line":69},"12":{"name":"(anonymous_12)","decl":{"start":{"line":73,"column":23},"end":{"line":73,"column":24}},"loc":{"start":{"line":73,"column":29},"end":{"line":77,"column":3}},"line":73},"13":{"name":"(anonymous_13)","decl":{"start":{"line":79,"column":22},"end":{"line":79,"column":23}},"loc":{"start":{"line":79,"column":39},"end":{"line":95,"column":3}},"line":79},"14":{"name":"(anonymous_14)","decl":{"start":{"line":97,"column":19},"end":{"line":97,"column":20}},"loc":{"start":{"line":98,"column":4},"end":{"line":100,"column":16}},"line":98},"15":{"name":"(anonymous_15)","decl":{"start":{"line":126,"column":20},"end":{"line":126,"column":21}},"loc":{"start":{"line":126,"column":29},"end":{"line":126,"column":46}},"line":126},"16":{"name":"(anonymous_16)","decl":{"start":{"line":127,"column":19},"end":{"line":127,"column":20}},"loc":{"start":{"line":128,"column":16},"end":{"line":135,"column":22}},"line":128}},"branchMap":{"0":{"loc":{"start":{"line":42,"column":4},"end":{"line":52,"column":5}},"type":"if","locations":[{"start":{"line":42,"column":4},"end":{"line":52,"column":5}},{"start":{},"end":{}}],"line":42},"1":{"loc":{"start":{"line":42,"column":7},"end":{"line":42,"column":39}},"type":"binary-expr","locations":[{"start":{"line":42,"column":7},"end":{"line":42,"column":21}},{"start":{"line":42,"column":25},"end":{"line":42,"column":39}}],"line":42},"2":{"loc":{"start":{"line":44,"column":6},"end":{"line":51,"column":7}},"type":"if","locations":[{"start":{"line":44,"column":6},"end":{"line":51,"column":7}},{"start":{"line":48,"column":13},"end":{"line":51,"column":7}}],"line":44},"3":{"loc":{"start":{"line":64,"column":28},"end":{"line":64,"column":61}},"type":"cond-expr","locations":[{"start":{"line":64,"column":50},"end":{"line":64,"column":57}},{"start":{"line":64,"column":60},"end":{"line":64,"column":61}}],"line":64},"4":{"loc":{"start":{"line":108,"column":7},"end":{"line":115,"column":10}},"type":"binary-expr","locations":[{"start":{"line":108,"column":7},"end":{"line":108,"column":12}},{"start":{"line":109,"column":8},"end":{"line":115,"column":10}}],"line":108},"5":{"loc":{"start":{"line":118,"column":7},"end":{"line":139,"column":14}},"type":"binary-expr","locations":[{"start":{"line":118,"column":7},"end":{"line":118,"column":11}},{"start":{"line":119,"column":8},"end":{"line":139,"column":14}}],"line":118}},"s":{"0":0,"1":0,"2":0,"3":0,"4":0,"5":0,"6":0,"7":0,"8":0,"9":0,"10":0,"11":0,"12":0,"13":0,"14":0,"15":0,"16":0,"17":0,"18":0,"19":0,"20":0,"21":0,"22":0,"23":0,"24":0,"25":0,"26":0,"27":0,"28":0,"29":0,"30":0,"31":0,"32":0,"33":0,"34":0,"35":0,"36":0,"37":0,"38":0,"39":0,"40":0,"41":0,"42":0,"43":0,"44":0,"45":0,"46":0,"47":0,"48":0,"49":0,"50":0,"51":0,"52":0,"53":0,"54":0,"55":0,"56":0,"57":0,"58":0,"59":0,"60":0,"61":0,"62":0,"63":0},"f":{"0":0,"1":0,"2":0,"3":0,"4":0,"5":0,"6":0,"7":0,"8":0,"9":0,"10":0,"11":0,"12":0,"13":0,"14":0,"15":0,"16":0},"b":{"0":[0,0],"1":[0,0],"2":[0,0],"3":[0,0],"4":[0,0],"5":[0,0]}}
,"/Users/pavel/Documents/fso/Part5/bloglist-frontend/src/main.jsx": {"path":"/Users/pavel/Documents/fso/Part5/bloglist-frontend/src/main.jsx","statementMap":{"0":{"start":{"line":6,"column":0},"end":{"line":6,"column":68}}},"fnMap":{},"branchMap":{},"s":{"0":0},"f":{},"b":{}}
,"/Users/pavel/Documents/fso/Part5/bloglist-frontend/src/components/Blog.jsx": {"path":"/Users/pavel/Documents/fso/Part5/bloglist-frontend/src/components/Blog.jsx","statementMap":{"0":{"start":{"line":4,"column":13},"end":{"line":63,"column":1}},"1":{"start":{"line":5,"column":52},"end":{"line":5,"column":67}},"2":{"start":{"line":6,"column":20},"end":{"line":11,"column":3}},"3":{"start":{"line":13,"column":28},"end":{"line":17,"column":3}},"4":{"start":{"line":19,"column":27},"end":{"line":21,"column":3}},"5":{"start":{"line":20,"column":4},"end":{"line":20,"column":44}},"6":{"start":{"line":23,"column":21},"end":{"line":34,"column":3}},"7":{"start":{"line":24,"column":20},"end":{"line":24,"column":54}},"8":{"start":{"line":25,"column":23},"end":{"line":30,"column":5}},"9":{"start":{"line":33,"column":4},"end":{"line":33,"column":35}},"10":{"start":{"line":36,"column":23},"end":{"line":40,"column":3}},"11":{"start":{"line":37,"column":4},"end":{"line":39,"column":5}},"12":{"start":{"line":38,"column":6},"end":{"line":38,"column":22}},"13":{"start":{"line":42,"column":23},"end":{"line":48,"column":3}},"14":{"start":{"line":43,"column":4},"end":{"line":47,"column":5}},"15":{"start":{"line":44,"column":6},"end":{"line":46,"column":7}},"16":{"start":{"line":50,"column":2},"end":{"line":62,"column":3}},"17":{"start":{"line":66,"column":0},"end":{"line":71,"column":1}}},"fnMap":{"0":{"name":"(anonymous_0)","decl":{"start":{"line":4,"column":13},"end":{"line":4,"column":14}},"loc":{"start":{"line":4,"column":57},"end":{"line":63,"column":1}},"line":4},"1":{"name":"(anonymous_1)","decl":{"start":{"line":19,"column":27},"end":{"line":19,"column":28}},"loc":{"start":{"line":19,"column":33},"end":{"line":21,"column":3}},"line":19},"2":{"name":"(anonymous_2)","decl":{"start":{"line":23,"column":21},"end":{"line":23,"column":22}},"loc":{"start":{"line":23,"column":27},"end":{"line":34,"column":3}},"line":23},"3":{"name":"(anonymous_3)","decl":{"start":{"line":36,"column":23},"end":{"line":36,"column":24}},"loc":{"start":{"line":36,"column":29},"end":{"line":40,"column":3}},"line":36},"4":{"name":"(anonymous_4)","decl":{"start":{"line":42,"column":23},"end":{"line":42,"column":24}},"loc":{"start":{"line":42,"column":29},"end":{"line":48,"column":3}},"line":42}},"branchMap":{"0":{"loc":{"start":{"line":37,"column":4},"end":{"line":39,"column":5}},"type":"if","locations":[{"start":{"line":37,"column":4},"end":{"line":39,"column":5}},{"start":{},"end":{}}],"line":37},"1":{"loc":{"start":{"line":43,"column":4},"end":{"line":47,"column":5}},"type":"if","locations":[{"start":{"line":43,"column":4},"end":{"line":47,"column":5}},{"start":{},"end":{}}],"line":43},"2":{"loc":{"start":{"line":53,"column":69},"end":{"line":53,"column":103}},"type":"cond-expr","locations":[{"start":{"line":53,"column":89},"end":{"line":53,"column":95}},{"start":{"line":53,"column":97},"end":{"line":53,"column":103}}],"line":53},"3":{"loc":{"start":{"line":54,"column":7},"end":{"line":60,"column":14}},"type":"binary-expr","locations":[{"start":{"line":54,"column":7},"end":{"line":54,"column":24}},{"start":{"line":55,"column":8},"end":{"line":60,"column":14}}],"line":54}},"s":{"0":1,"1":5,"2":5,"3":5,"4":5,"5":2,"6":5,"7":2,"8":2,"9":2,"10":5,"11":0,"12":0,"13":5,"14":2,"15":2,"16":5,"17":1},"f":{"0":5,"1":2,"2":2,"3":0,"4":2},"b":{"0":[0,0],"1":[2,0],"2":[2,3],"3":[5,2]},"_coverageSchema":"1a1c01bbd47fc00a2c39e90264f33305004495a9","hash":"0a35a94df4bf8bc9c0b739ca4323798e78d08b06"}
,"/Users/pavel/Documents/fso/Part5/bloglist-frontend/src/components/BlogForm.jsx": {"path":"/Users/pavel/Documents/fso/Part5/bloglist-frontend/src/components/BlogForm.jsx","statementMap":{"0":{"start":{"line":7,"column":17},"end":{"line":64,"column":1}},"1":{"start":{"line":10,"column":34},"end":{"line":10,"column":46}},"2":{"start":{"line":11,"column":36},"end":{"line":11,"column":48}},"3":{"start":{"line":12,"column":30},"end":{"line":12,"column":42}},"4":{"start":{"line":15,"column":21},"end":{"line":50,"column":3}},"5":{"start":{"line":16,"column":4},"end":{"line":16,"column":26}},"6":{"start":{"line":17,"column":4},"end":{"line":32,"column":5}},"7":{"start":{"line":18,"column":34},"end":{"line":18,"column":105}},"8":{"start":{"line":18,"column":53},"end":{"line":18,"column":104}},"9":{"start":{"line":19,"column":32},"end":{"line":19,"column":71}},"10":{"start":{"line":19,"column":51},"end":{"line":19,"column":70}},"11":{"start":{"line":21,"column":6},"end":{"line":25,"column":7}},"12":{"start":{"line":22,"column":8},"end":{"line":22,"column":76}},"13":{"start":{"line":23,"column":8},"end":{"line":23,"column":23}},"14":{"start":{"line":24,"column":8},"end":{"line":24,"column":14}},"15":{"start":{"line":27,"column":6},"end":{"line":31,"column":7}},"16":{"start":{"line":28,"column":8},"end":{"line":28,"column":97}},"17":{"start":{"line":29,"column":8},"end":{"line":29,"column":21}},"18":{"start":{"line":30,"column":8},"end":{"line":30,"column":14}},"19":{"start":{"line":35,"column":4},"end":{"line":38,"column":5}},"20":{"start":{"line":36,"column":6},"end":{"line":36,"column":98}},"21":{"start":{"line":37,"column":6},"end":{"line":37,"column":12}},"22":{"start":{"line":40,"column":4},"end":{"line":45,"column":6}},"23":{"start":{"line":47,"column":4},"end":{"line":47,"column":19}},"24":{"start":{"line":48,"column":4},"end":{"line":48,"column":20}},"25":{"start":{"line":49,"column":4},"end":{"line":49,"column":17}},"26":{"start":{"line":53,"column":2},"end":{"line":63,"column":3}},"27":{"start":{"line":57,"column":98},"end":{"line":57,"column":129}},"28":{"start":{"line":58,"column":101},"end":{"line":58,"column":133}},"29":{"start":{"line":59,"column":92},"end":{"line":59,"column":121}},"30":{"start":{"line":67,"column":0},"end":{"line":70,"column":1}}},"fnMap":{"0":{"name":"(anonymous_0)","decl":{"start":{"line":7,"column":17},"end":{"line":7,"column":18}},"loc":{"start":{"line":7,"column":41},"end":{"line":64,"column":1}},"line":7},"1":{"name":"(anonymous_1)","decl":{"start":{"line":15,"column":21},"end":{"line":15,"column":22}},"loc":{"start":{"line":15,"column":32},"end":{"line":50,"column":3}},"line":15},"2":{"name":"(anonymous_2)","decl":{"start":{"line":18,"column":45},"end":{"line":18,"column":46}},"loc":{"start":{"line":18,"column":53},"end":{"line":18,"column":104}},"line":18},"3":{"name":"(anonymous_3)","decl":{"start":{"line":19,"column":43},"end":{"line":19,"column":44}},"loc":{"start":{"line":19,"column":51},"end":{"line":19,"column":70}},"line":19},"4":{"name":"(anonymous_4)","decl":{"start":{"line":57,"column":87},"end":{"line":57,"column":88}},"loc":{"start":{"line":57,"column":98},"end":{"line":57,"column":129}},"line":57},"5":{"name":"(anonymous_5)","decl":{"start":{"line":58,"column":90},"end":{"line":58,"column":91}},"loc":{"start":{"line":58,"column":101},"end":{"line":58,"column":133}},"line":58},"6":{"name":"(anonymous_6)","decl":{"start":{"line":59,"column":81},"end":{"line":59,"column":82}},"loc":{"start":{"line":59,"column":92},"end":{"line":59,"column":121}},"line":59}},"branchMap":{"0":{"loc":{"start":{"line":17,"column":4},"end":{"line":32,"column":5}},"type":"if","locations":[{"start":{"line":17,"column":4},"end":{"line":32,"column":5}},{"start":{},"end":{}}],"line":17},"1":{"loc":{"start":{"line":21,"column":6},"end":{"line":25,"column":7}},"type":"if","locations":[{"start":{"line":21,"column":6},"end":{"line":25,"column":7}},{"start":{},"end":{}}],"line":21},"2":{"loc":{"start":{"line":27,"column":6},"end":{"line":31,"column":7}},"type":"if","locations":[{"start":{"line":27,"column":6},"end":{"line":31,"column":7}},{"start":{},"end":{}}],"line":27},"3":{"loc":{"start":{"line":35,"column":4},"end":{"line":38,"column":5}},"type":"if","locations":[{"start":{"line":35,"column":4},"end":{"line":38,"column":5}},{"start":{},"end":{}}],"line":35},"4":{"loc":{"start":{"line":35,"column":7},"end":{"line":35,"column":63}},"type":"binary-expr","locations":[{"start":{"line":35,"column":7},"end":{"line":35,"column":22}},{"start":{"line":35,"column":26},"end":{"line":35,"column":42}},{"start":{"line":35,"column":46},"end":{"line":35,"column":63}}],"line":35}},"s":{"0":1,"1":49,"2":49,"3":49,"4":49,"5":1,"6":1,"7":0,"8":0,"9":0,"10":0,"11":0,"12":0,"13":0,"14":0,"15":0,"16":0,"17":0,"18":0,"19":1,"20":0,"21":0,"22":1,"23":1,"24":1,"25":1,"26":49,"27":16,"28":17,"29":14,"30":1},"f":{"0":49,"1":1,"2":0,"3":0,"4":16,"5":17,"6":14},"b":{"0":[0,1],"1":[0,0],"2":[0,0],"3":[0,1],"4":[1,1,1]},"_coverageSchema":"1a1c01bbd47fc00a2c39e90264f33305004495a9","hash":"844a68b7b9cbe22e67cbe395a29adcbd3c95c7d3"}
,"/Users/pavel/Documents/fso/Part5/bloglist-frontend/src/components/Notification.jsx": {"path":"/Users/pavel/Documents/fso/Part5/bloglist-frontend/src/components/Notification.jsx","statementMap":{"0":{"start":{"line":3,"column":21},"end":{"line":11,"column":1}},"1":{"start":{"line":4,"column":2},"end":{"line":4,"column":34}},"2":{"start":{"line":4,"column":23},"end":{"line":4,"column":34}},"3":{"start":{"line":5,"column":20},"end":{"line":5,"column":48}},"4":{"start":{"line":6,"column":2},"end":{"line":10,"column":3}}},"fnMap":{"0":{"name":"(anonymous_0)","decl":{"start":{"line":3,"column":21},"end":{"line":3,"column":22}},"loc":{"start":{"line":3,"column":38},"end":{"line":11,"column":1}},"line":3}},"branchMap":{"0":{"loc":{"start":{"line":4,"column":2},"end":{"line":4,"column":34}},"type":"if","locations":[{"start":{"line":4,"column":2},"end":{"line":4,"column":34}},{"start":{},"end":{}}],"line":4}},"s":{"0":0,"1":0,"2":0,"3":0,"4":0},"f":{"0":0},"b":{"0":[0,0]}}
,"/Users/pavel/Documents/fso/Part5/bloglist-frontend/src/components/auth/LoggedComponent.jsx": {"path":"/Users/pavel/Documents/fso/Part5/bloglist-frontend/src/components/auth/LoggedComponent.jsx","statementMap":{"0":{"start":{"line":1,"column":24},"end":{"line":11,"column":1}},"1":{"start":{"line":2,"column":2},"end":{"line":10,"column":6}}},"fnMap":{"0":{"name":"(anonymous_0)","decl":{"start":{"line":1,"column":24},"end":{"line":1,"column":25}},"loc":{"start":{"line":2,"column":2},"end":{"line":10,"column":6}},"line":2}},"branchMap":{},"s":{"0":0,"1":0},"f":{"0":0},"b":{}}
,"/Users/pavel/Documents/fso/Part5/bloglist-frontend/src/components/auth/LoginForm.jsx": {"path":"/Users/pavel/Documents/fso/Part5/bloglist-frontend/src/components/auth/LoginForm.jsx","statementMap":{"0":{"start":{"line":1,"column":18},"end":{"line":26,"column":1}},"1":{"start":{"line":2,"column":2},"end":{"line":25,"column":8}},"2":{"start":{"line":11,"column":36},"end":{"line":11,"column":61}},"3":{"start":{"line":20,"column":36},"end":{"line":20,"column":61}}},"fnMap":{"0":{"name":"(anonymous_0)","decl":{"start":{"line":1,"column":18},"end":{"line":1,"column":19}},"loc":{"start":{"line":2,"column":2},"end":{"line":25,"column":8}},"line":2},"1":{"name":"(anonymous_1)","decl":{"start":{"line":11,"column":20},"end":{"line":11,"column":21}},"loc":{"start":{"line":11,"column":36},"end":{"line":11,"column":61}},"line":11},"2":{"name":"(anonymous_2)","decl":{"start":{"line":20,"column":20},"end":{"line":20,"column":21}},"loc":{"start":{"line":20,"column":36},"end":{"line":20,"column":61}},"line":20}},"branchMap":{},"s":{"0":0,"1":0,"2":0,"3":0},"f":{"0":0,"1":0,"2":0},"b":{}}
,"/Users/pavel/Documents/fso/Part5/bloglist-frontend/src/components/elements/Button.jsx": {"path":"/Users/pavel/Documents/fso/Part5/bloglist-frontend/src/components/elements/Button.jsx","statementMap":{"0":{"start":{"line":1,"column":15},"end":{"line":5,"column":1}},"1":{"start":{"line":2,"column":2},"end":{"line":4,"column":8}}},"fnMap":{"0":{"name":"(anonymous_0)","decl":{"start":{"line":1,"column":15},"end":{"line":1,"column":16}},"loc":{"start":{"line":2,"column":2},"end":{"line":4,"column":8}},"line":2}},"branchMap":{"0":{"loc":{"start":{"line":3,"column":84},"end":{"line":3,"column":131}},"type":"cond-expr","locations":[{"start":{"line":3,"column":112},"end":{"line":3,"column":120}},{"start":{"line":3,"column":123},"end":{"line":3,"column":131}}],"line":3}},"s":{"0":1,"1":49},"f":{"0":49},"b":{"0":[0,49]},"_coverageSchema":"1a1c01bbd47fc00a2c39e90264f33305004495a9","hash":"5d8491d8e5666dc3e51f745cd813c661863dc777"}
,"/Users/pavel/Documents/fso/Part5/bloglist-frontend/src/components/elements/Input.jsx": {"path":"/Users/pavel/Documents/fso/Part5/bloglist-frontend/src/components/elements/Input.jsx","statementMap":{"0":{"start":{"line":4,"column":14},"end":{"line":8,"column":1}},"1":{"start":{"line":5,"column":2},"end":{"line":7,"column":8}}},"fnMap":{"0":{"name":"(anonymous_0)","decl":{"start":{"line":4,"column":14},"end":{"line":4,"column":15}},"loc":{"start":{"line":5,"column":2},"end":{"line":7,"column":8}},"line":5}},"branchMap":{},"s":{"0":1,"1":147},"f":{"0":147},"b":{},"_coverageSchema":"1a1c01bbd47fc00a2c39e90264f33305004495a9","hash":"417f501aa2c5d80c58c37c844069396aab9b6a25"}
,"/Users/pavel/Documents/fso/Part5/bloglist-frontend/src/components/elements/Togglable.jsx": {"path":"/Users/pavel/Documents/fso/Part5/bloglist-frontend/src/components/elements/Togglable.jsx","statementMap":{"0":{"start":{"line":4,"column":18},"end":{"line":32,"column":2}},"1":{"start":{"line":5,"column":32},"end":{"line":5,"column":48}},"2":{"start":{"line":7,"column":26},"end":{"line":7,"column":60}},"3":{"start":{"line":8,"column":26},"end":{"line":8,"column":60}},"4":{"start":{"line":10,"column":27},"end":{"line":12,"column":3}},"5":{"start":{"line":11,"column":4},"end":{"line":11,"column":24}},"6":{"start":{"line":14,"column":2},"end":{"line":18,"column":4}},"7":{"start":{"line":15,"column":4},"end":{"line":17,"column":5}},"8":{"start":{"line":20,"column":2},"end":{"line":31,"column":3}},"9":{"start":{"line":34,"column":0},"end":{"line":34,"column":35}},"10":{"start":{"line":36,"column":0},"end":{"line":39,"column":1}}},"fnMap":{"0":{"name":"(anonymous_0)","decl":{"start":{"line":4,"column":29},"end":{"line":4,"column":30}},"loc":{"start":{"line":4,"column":46},"end":{"line":32,"column":1}},"line":4},"1":{"name":"(anonymous_1)","decl":{"start":{"line":10,"column":27},"end":{"line":10,"column":28}},"loc":{"start":{"line":10,"column":33},"end":{"line":12,"column":3}},"line":10},"2":{"name":"(anonymous_2)","decl":{"start":{"line":14,"column":28},"end":{"line":14,"column":29}},"loc":{"start":{"line":14,"column":34},"end":{"line":18,"column":3}},"line":14}},"branchMap":{"0":{"loc":{"start":{"line":7,"column":37},"end":{"line":7,"column":58}},"type":"cond-expr","locations":[{"start":{"line":7,"column":47},"end":{"line":7,"column":53}},{"start":{"line":7,"column":56},"end":{"line":7,"column":58}}],"line":7},"1":{"loc":{"start":{"line":8,"column":37},"end":{"line":8,"column":58}},"type":"cond-expr","locations":[{"start":{"line":8,"column":47},"end":{"line":8,"column":49}},{"start":{"line":8,"column":52},"end":{"line":8,"column":58}}],"line":8}},"s":{"0":0,"1":0,"2":0,"3":0,"4":0,"5":0,"6":0,"7":0,"8":0,"9":0,"10":0},"f":{"0":0,"1":0,"2":0},"b":{"0":[0,0],"1":[0,0]}}
,"/Users/pavel/Documents/fso/Part5/bloglist-frontend/src/services/blogs.js": {"path":"/Users/pavel/Documents/fso/Part5/bloglist-frontend/src/services/blogs.js","statementMap":{"0":{"start":{"line":2,"column":16},"end":{"line":2,"column":28}},"1":{"start":{"line":4,"column":12},"end":{"line":4,"column":16}},"2":{"start":{"line":6,"column":17},"end":{"line":8,"column":1}},"3":{"start":{"line":7,"column":2},"end":{"line":7,"column":30}},"4":{"start":{"line":10,"column":18},"end":{"line":12,"column":1}},"5":{"start":{"line":11,"column":2},"end":{"line":11,"column":14}},"6":{"start":{"line":14,"column":15},"end":{"line":17,"column":1}},"7":{"start":{"line":15,"column":19},"end":{"line":15,"column":43}},"8":{"start":{"line":16,"column":2},"end":{"line":16,"column":22}},"9":{"start":{"line":19,"column":15},"end":{"line":26,"column":1}},"10":{"start":{"line":20,"column":17},"end":{"line":22,"column":3}},"11":{"start":{"line":24,"column":19},"end":{"line":24,"column":61}},"12":{"start":{"line":25,"column":2},"end":{"line":25,"column":22}},"13":{"start":{"line":28,"column":15},"end":{"line":35,"column":1}},"14":{"start":{"line":29,"column":17},"end":{"line":31,"column":3}},"15":{"start":{"line":33,"column":19},"end":{"line":33,"column":68}},"16":{"start":{"line":34,"column":2},"end":{"line":34,"column":11}},"17":{"start":{"line":38,"column":16},"end":{"line":45,"column":1}},"18":{"start":{"line":39,"column":17},"end":{"line":41,"column":3}},"19":{"start":{"line":43,"column":19},"end":{"line":43,"column":65}},"20":{"start":{"line":44,"column":2},"end":{"line":44,"column":22}}},"fnMap":{"0":{"name":"(anonymous_0)","decl":{"start":{"line":6,"column":17},"end":{"line":6,"column":18}},"loc":{"start":{"line":6,"column":29},"end":{"line":8,"column":1}},"line":6},"1":{"name":"(anonymous_1)","decl":{"start":{"line":10,"column":18},"end":{"line":10,"column":19}},"loc":{"start":{"line":10,"column":24},"end":{"line":12,"column":1}},"line":10},"2":{"name":"(anonymous_2)","decl":{"start":{"line":14,"column":15},"end":{"line":14,"column":16}},"loc":{"start":{"line":14,"column":27},"end":{"line":17,"column":1}},"line":14},"3":{"name":"(anonymous_3)","decl":{"start":{"line":19,"column":15},"end":{"line":19,"column":16}},"loc":{"start":{"line":19,"column":34},"end":{"line":26,"column":1}},"line":19},"4":{"name":"(anonymous_4)","decl":{"start":{"line":28,"column":15},"end":{"line":28,"column":16}},"loc":{"start":{"line":28,"column":35},"end":{"line":35,"column":1}},"line":28},"5":{"name":"(anonymous_5)","decl":{"start":{"line":38,"column":16},"end":{"line":38,"column":17}},"loc":{"start":{"line":38,"column":30},"end":{"line":45,"column":1}},"line":38}},"branchMap":{},"s":{"0":0,"1":0,"2":0,"3":0,"4":0,"5":0,"6":0,"7":0,"8":0,"9":0,"10":0,"11":0,"12":0,"13":0,"14":0,"15":0,"16":0,"17":0,"18":0,"19":0,"20":0},"f":{"0":0,"1":0,"2":0,"3":0,"4":0,"5":0},"b":{}}
,"/Users/pavel/Documents/fso/Part5/bloglist-frontend/src/services/login.js": {"path":"/Users/pavel/Documents/fso/Part5/bloglist-frontend/src/services/login.js","statementMap":{"0":{"start":{"line":2,"column":16},"end":{"line":2,"column":28}},"1":{"start":{"line":4,"column":14},"end":{"line":7,"column":1}},"2":{"start":{"line":5,"column":19},"end":{"line":5,"column":57}},"3":{"start":{"line":6,"column":2},"end":{"line":6,"column":22}}},"fnMap":{"0":{"name":"(anonymous_0)","decl":{"start":{"line":4,"column":14},"end":{"line":4,"column":15}},"loc":{"start":{"line":4,"column":35},"end":{"line":7,"column":1}},"line":4}},"branchMap":{},"s":{"0":0,"1":0,"2":0,"3":0},"f":{"0":0},"b":{}}
}
